<?xml version="1.0" encoding="UTF-8"?>
<!-- Generated by org.testng.reporters.JUnitXMLReporter -->
<testsuite ignored="0" hostname="LAPTOP-56N481MG" failures="0" tests="3" name="Default test" time="193.142" errors="0" timestamp="2024-04-08T18:49:29 IST">
  <testcase classname="Test_Automation.Automation.AppTest" name="TestApp" time="35.826"/>
  <testcase classname="Test_Automation.Automation.AppTest" name="FindCountry" time="65.933"/>
  <testcase classname="Test_Automation.Automation.AppTest" name="oddRow" time="91.298"/>
</testsuite> <!-- Default test -->
