<?xml version="1.0" encoding="UTF-8"?>
<testng-results ignored="0" total="3" passed="3" failed="0" skipped="0">
  <reporter-output>
  </reporter-output>
  <suite started-at="2024-04-08T18:46:16 IST" name="Default suite" finished-at="2024-04-08T18:49:29 IST" duration-ms="193142">
    <groups>
    </groups>
    <test started-at="2024-04-08T18:46:16 IST" name="Default test" finished-at="2024-04-08T18:49:29 IST" duration-ms="193142">
      <class name="Test_Automation.Automation.AppTest">
        <test-method signature="TestApp()[pri:0, instance:Test_Automation.Automation.AppTest@6356695f]" started-at="2024-04-08T18:46:16 IST" name="TestApp" finished-at="2024-04-08T18:46:51 IST" duration-ms="35826" status="PASS">
          <reporter-output>
          </reporter-output>
        </test-method> <!-- TestApp -->
        <test-method signature="FindCountry()[pri:1, instance:Test_Automation.Automation.AppTest@6356695f]" started-at="2024-04-08T18:46:51 IST" name="FindCountry" finished-at="2024-04-08T18:47:57 IST" duration-ms="65933" status="PASS">
          <reporter-output>
          </reporter-output>
        </test-method> <!-- FindCountry -->
        <test-method signature="oddRow()[pri:2, instance:Test_Automation.Automation.AppTest@6356695f]" started-at="2024-04-08T18:47:57 IST" name="oddRow" finished-at="2024-04-08T18:49:29 IST" duration-ms="91298" status="PASS">
          <reporter-output>
          </reporter-output>
        </test-method> <!-- oddRow -->
      </class> <!-- Test_Automation.Automation.AppTest -->
    </test> <!-- Default test -->
  </suite> <!-- Default suite -->
</testng-results>
